WARNING: A terminally deprecated method in sun.misc.Unsafe has been called
WARNING: sun.misc.Unsafe::staticFieldBase has been called by com.google.inject.internal.aop.HiddenClassDefiner (file:/usr/local/Cellar/maven/3.9.11/libexec/lib/guice-5.1.0-classes.jar)
WARNING: Please consider reporting this to the maintainers of class com.google.inject.internal.aop.HiddenClassDefiner
WARNING: sun.misc.Unsafe::staticFieldBase will be removed in a future release
[INFO] Scanning for projects...
[INFO] 
[INFO] -----------------< com.kurs_project:insurance_system >------------------
[INFO] Building insurance_system 1.0.0
[INFO]   from pom.xml
[INFO] --------------------------------[ jar ]---------------------------------
[INFO] 
[INFO] >>> spring-boot:3.1.5:run (default-cli) > test-compile @ insurance_system >>>
[INFO] 
[INFO] --- resources:3.3.1:resources (default-resources) @ insurance_system ---
[INFO] Copying 1 resource from src/main/resources to target/classes
[INFO] Copying 25 resources from src/main/resources to target/classes
[INFO] 
[INFO] --- compiler:3.11.0:compile (default-compile) @ insurance_system ---
[INFO] Nothing to compile - all classes are up to date
[INFO] 
[INFO] --- resources:3.3.1:testResources (default-testResources) @ insurance_system ---
[INFO] skip non existing resourceDirectory /Users/vlad/Desktop/учеба/курсовая/insurance_system/src/test/resources
[INFO] 
[INFO] --- compiler:3.11.0:testCompile (default-testCompile) @ insurance_system ---
[INFO] Nothing to compile - all classes are up to date
[INFO] 
[INFO] <<< spring-boot:3.1.5:run (default-cli) < test-compile @ insurance_system <<<
[INFO] 
[INFO] 
[INFO] --- spring-boot:3.1.5:run (default-cli) @ insurance_system ---
[INFO] Attaching agents: []

  .   ____          _            __ _ _
 /\\ / ___'_ __ _ _(_)_ __  __ _ \ \ \ \
( ( )\___ | '_ | '_| | '_ \/ _` | \ \ \ \
 \\/  ___)| |_)| | | | | || (_| |  ) ) ) )
  '  |____| .__|_| |_|_| |_\__, | / / / /
 =========|_|==============|___/=/_/_/_/
 :: Spring Boot ::                (v3.1.5)

2025-12-14T20:10:22.887+03:00  INFO 16528 --- [           main] c.k.i.InsuranceSystemApplication         : Starting InsuranceSystemApplication using Java 25.0.1 with PID 16528 (/Users/vlad/Desktop/учеба/курсовая/insurance_system/target/classes started by vlad in /Users/vlad/Desktop/учеба/курсовая/insurance_system)
2025-12-14T20:10:22.888+03:00  INFO 16528 --- [           main] c.k.i.InsuranceSystemApplication         : No active profile set, falling back to 1 default profile: "default"
2025-12-14T20:10:23.272+03:00  WARN 16528 --- [           main] ConfigServletWebServerApplicationContext : Exception encountered during context initialization - cancelling refresh attempt: org.springframework.beans.factory.support.BeanDefinitionOverrideException: Invalid bean definition with name 'passwordEncoder' defined in class path resource [com/kurs_project/insurance_system/config/SecurityConfig.class]: Cannot register bean definition [Root bean: class [null]; scope=; abstract=false; lazyInit=null; autowireMode=3; dependencyCheck=0; autowireCandidate=true; primary=false; factoryBeanName=securityConfig; factoryMethodName=passwordEncoder; initMethodNames=null; destroyMethodNames=[(inferred)]; defined in class path resource [com/kurs_project/insurance_system/config/SecurityConfig.class]] for bean 'passwordEncoder' since there is already [Generic bean: class [com.kurs_project.insurance_system.util.PasswordEncoder]; scope=singleton; abstract=false; lazyInit=null; autowireMode=0; dependencyCheck=0; autowireCandidate=true; primary=false; factoryBeanName=null; factoryMethodName=null; initMethodNames=null; destroyMethodNames=null; defined in file [/Users/vlad/Desktop/учеба/курсовая/insurance_system/target/classes/com/kurs_project/insurance_system/util/PasswordEncoder.class]] bound.
2025-12-14T20:10:23.281+03:00  INFO 16528 --- [           main] .s.b.a.l.ConditionEvaluationReportLogger : 

Error starting ApplicationContext. To display the condition evaluation report re-run your application with 'debug' enabled.
2025-12-14T20:10:23.303+03:00 ERROR 16528 --- [           main] o.s.b.d.LoggingFailureAnalysisReporter   : 

***************************
APPLICATION FAILED TO START
***************************

Description:

The bean 'passwordEncoder', defined in class path resource [com/kurs_project/insurance_system/config/SecurityConfig.class], could not be registered. A bean with that name has already been defined in file [/Users/vlad/Desktop/учеба/курсовая/insurance_system/target/classes/com/kurs_project/insurance_system/util/PasswordEncoder.class] and overriding is disabled.

Action:

Consider renaming one of the beans or enabling overriding by setting spring.main.allow-bean-definition-overriding=true

[INFO] ------------------------------------------------------------------------
[INFO] BUILD FAILURE
[INFO] ------------------------------------------------------------------------
[INFO] Total time:  2.746 s
[INFO] Finished at: 2025-12-14T20:10:23+03:00
[INFO] ------------------------------------------------------------------------
[ERROR] Failed to execute goal org.springframework.boot:spring-boot-maven-plugin:3.1.5:run (default-cli) on project insurance_system: Process terminated with exit code: 1 -> [Help 1]
[ERROR] 
[ERROR] To see the full stack trace of the errors, re-run Maven with the -e switch.
[ERROR] Re-run Maven using the -X switch to enable full debug logging.
[ERROR] 
[ERROR] For more information about the errors and possible solutions, please read the following articles:
[ERROR] [Help 1] http://cwiki.apache.org/confluence/display/MAVEN/MojoExecutionException
